<?xml version="1.0" encoding="UTF-8"?>
<!-- Generated by org.testng.reporters.JUnitReportReporter -->
<testsuite hostname="Subbu" failures="0" tests="1" name="subbu.Testjava" time="0.023" errors="0" timestamp="2025-09-22T09:00:14 IST" skipped="0">
  <testcase classname="subbu.Testjava" name="dummy" time="0.023"/>
</testsuite> <!-- subbu.Testjava -->
